  [1m[36m (0.7ms)[0m  [1mCREATE TABLE "schema_migrations" ("version" varchar(255) NOT NULL) [0m
  [1m[35m (0.2ms)[0m  select sqlite_version(*)
  [1m[36m (0.5ms)[0m  [1mCREATE UNIQUE INDEX "unique_schema_migrations" ON "schema_migrations" ("version")[0m
  [1m[35mActiveRecord::SchemaMigration Load (0.1ms)[0m  SELECT "schema_migrations".* FROM "schema_migrations"
Migrating to CreateMovies (20121121163535)
  [1m[36m (0.0ms)[0m  [1mbegin transaction[0m
  [1m[35m (0.3ms)[0m  CREATE TABLE "movies" ("id" INTEGER PRIMARY KEY AUTOINCREMENT NOT NULL, "title" varchar(255), "rating" varchar(255), "total_gross" decimal, "created_at" datetime, "updated_at" datetime) 
  [1m[36mSQL (0.1ms)[0m  [1mINSERT INTO "schema_migrations" ("version") VALUES (?)[0m  [["version", "20121121163535"]]
  [1m[35m (0.8ms)[0m  commit transaction
Migrating to AddFieldsToMovies (20121121180707)
  [1m[36m (0.0ms)[0m  [1mbegin transaction[0m
  [1m[35m (0.3ms)[0m  ALTER TABLE "movies" ADD "description" text
  [1m[36m (0.1ms)[0m  [1mALTER TABLE "movies" ADD "released_on" date[0m
  [1m[35mSQL (0.1ms)[0m  INSERT INTO "schema_migrations" ("version") VALUES (?)  [["version", "20121121180707"]]
  [1m[36m (0.5ms)[0m  [1mcommit transaction[0m
Migrating to AddMoreFieldsToMovies (20121210234158)
  [1m[35m (0.0ms)[0m  begin transaction
  [1m[36m (0.3ms)[0m  [1mALTER TABLE "movies" ADD "cast" varchar(255)[0m
  [1m[35m (0.1ms)[0m  ALTER TABLE "movies" ADD "director" varchar(255)
  [1m[36m (0.1ms)[0m  [1mALTER TABLE "movies" ADD "duration" varchar(255)[0m
  [1m[35m (0.1ms)[0m  ALTER TABLE "movies" ADD "image_file_name" varchar(255)
  [1m[36mSQL (0.1ms)[0m  [1mINSERT INTO "schema_migrations" ("version") VALUES (?)[0m  [["version", "20121210234158"]]
  [1m[35m (0.6ms)[0m  commit transaction
  [1m[36mActiveRecord::SchemaMigration Load (0.1ms)[0m  [1mSELECT "schema_migrations".* FROM "schema_migrations"[0m
  [1m[36mActiveRecord::SchemaMigration Load (0.1ms)[0m  [1mSELECT "schema_migrations".* FROM "schema_migrations"[0m
  [1m[35m (0.0ms)[0m  begin transaction
  [1m[36mSQL (0.4ms)[0m  [1mINSERT INTO "movies" ("cast", "created_at", "description", "director", "duration", "image_file_name", "rating", "released_on", "title", "total_gross", "updated_at") VALUES (?, ?, ?, ?, ?, ?, ?, ?, ?, ?, ?)[0m  [["cast", "Robert Downey Jr., Gwyneth Paltrow and Terrence Howard"], ["created_at", "2015-08-28 16:34:25.609397"], ["description", "When wealthy industrialist Tony Stark is forced to build an armored suit after a life-threatening incident, he ultimately decides to use its technology to fight against evil."], ["director", "Jon Favreau"], ["duration", "126 min"], ["image_file_name", "ironman.jpg"], ["rating", "PG-13"], ["released_on", "2008-05-02"], ["title", "Iron Man"], ["total_gross", 318412101.0], ["updated_at", "2015-08-28 16:34:25.609397"]]
  [1m[35m (0.4ms)[0m  commit transaction
  [1m[36m (0.0ms)[0m  [1mbegin transaction[0m
  [1m[35mSQL (0.1ms)[0m  INSERT INTO "movies" ("cast", "created_at", "description", "director", "duration", "image_file_name", "rating", "released_on", "title", "total_gross", "updated_at") VALUES (?, ?, ?, ?, ?, ?, ?, ?, ?, ?, ?)  [["cast", "Christopher Reeve, Margot Kidder and Gene Hackman"], ["created_at", "2015-08-28 16:34:25.613384"], ["description", "An alien orphan is sent from his dying planet to Earth, where he grows up to become his adoptive home's first and greatest super-hero."], ["director", "Richard Donner"], ["duration", "143 min"], ["image_file_name", "superman.jpg"], ["rating", "PG"], ["released_on", "1978-12-15"], ["title", "Superman"], ["total_gross", 134218018.0], ["updated_at", "2015-08-28 16:34:25.613384"]]
  [1m[36m (0.4ms)[0m  [1mcommit transaction[0m
  [1m[35m (0.0ms)[0m  begin transaction
  [1m[36mSQL (0.1ms)[0m  [1mINSERT INTO "movies" ("cast", "created_at", "description", "director", "duration", "image_file_name", "rating", "released_on", "title", "total_gross", "updated_at") VALUES (?, ?, ?, ?, ?, ?, ?, ?, ?, ?, ?)[0m  [["cast", "Tobey Maguire, Kirsten Dunst and Willem Dafoe"], ["created_at", "2015-08-28 16:34:25.614796"], ["description", "When bitten by a genetically modified spider, a nerdy, shy, and awkward high school student gains spider-like abilities that he eventually must use to fight evil as a superhero after tragedy befalls his family."], ["director", "Sam Raimi"], ["duration", "121 min"], ["image_file_name", "spiderman.jpg"], ["rating", "PG-13"], ["released_on", "2002-05-03"], ["title", "Spider-Man"], ["total_gross", 403706375.0], ["updated_at", "2015-08-28 16:34:25.614796"]]
  [1m[35m (0.5ms)[0m  commit transaction
  [1m[36m (0.0ms)[0m  [1mbegin transaction[0m
  [1m[35mSQL (0.1ms)[0m  INSERT INTO "movies" ("cast", "created_at", "description", "director", "duration", "image_file_name", "rating", "released_on", "title", "total_gross", "updated_at") VALUES (?, ?, ?, ?, ?, ?, ?, ?, ?, ?, ?)  [["cast", "Michael Keaton, Jack Nicholson and Kim Basinger"], ["created_at", "2015-08-28 16:34:25.616231"], ["description", "The Dark Knight of Gotham City begins his war on crime with his first major enemy being the clownishly homicidal Joker."], ["director", "Tim Burton"], ["duration", "126 min"], ["image_file_name", "batman.jpg"], ["rating", "PG-13"], ["released_on", "1989-06-23"], ["title", "Batman"], ["total_gross", 251188924.0], ["updated_at", "2015-08-28 16:34:25.616231"]]
  [1m[36m (0.8ms)[0m  [1mcommit transaction[0m
  [1m[35m (0.0ms)[0m  begin transaction
  [1m[36mSQL (0.5ms)[0m  [1mINSERT INTO "movies" ("cast", "created_at", "description", "director", "duration", "image_file_name", "rating", "released_on", "title", "total_gross", "updated_at") VALUES (?, ?, ?, ?, ?, ?, ?, ?, ?, ?, ?)[0m  [["cast", "Halle Berry, Sharon Stone and Benjamin Bratt"], ["created_at", "2015-08-28 16:34:25.618203"], ["description", "Patience Philips seems destined to spend her life apologizing for taking up space. Despite her artistic ability&mdash;she has a more than respectable career as a graphic designer."], ["director", "Jean-Christophe 'Pitof' Comar"], ["duration", "101 min"], ["image_file_name", "catwoman.jpg"], ["rating", "PG-13"], ["released_on", "2004-07-23"], ["title", "Catwoman"], ["total_gross", 40200000.0], ["updated_at", "2015-08-28 16:34:25.618203"]]
  [1m[35m (0.6ms)[0m  commit transaction
  [1m[36m (0.1ms)[0m  [1mbegin transaction[0m
  [1m[35mSQL (0.3ms)[0m  INSERT INTO "movies" ("cast", "created_at", "description", "director", "duration", "image_file_name", "rating", "released_on", "title", "total_gross", "updated_at") VALUES (?, ?, ?, ?, ?, ?, ?, ?, ?, ?, ?)  [["cast", "Bruce Wayne, Gojira"], ["created_at", "2015-08-28 16:34:25.621082"], ["description", "An epic battle between The Caped Crusader and the fire-breathing dinosaur Gojira. Hang on to your popcorn, kids!"], ["director", "Ishiro Honda"], ["duration", "211 min"], ["image_file_name", "batman-vs-godzilla.jpg"], ["rating", "PG-13"], ["released_on", "2015-09-07"], ["title", "Batman vs. Godzilla"], ["total_gross", 387623910.0], ["updated_at", "2015-08-28 16:34:25.621082"]]
  [1m[36m (0.4ms)[0m  [1mcommit transaction[0m
  [1m[36m (1.1ms)[0m  [1mCREATE TABLE "movies" ("id" INTEGER PRIMARY KEY AUTOINCREMENT NOT NULL, "title" varchar(255), "rating" varchar(255), "total_gross" decimal, "created_at" datetime, "updated_at" datetime, "description" text, "released_on" date, "cast" varchar(255), "director" varchar(255), "duration" varchar(255), "image_file_name" varchar(255)) [0m
  [1m[35m (0.6ms)[0m  CREATE TABLE "schema_migrations" ("version" varchar(255) NOT NULL) 
  [1m[36m (0.1ms)[0m  [1mselect sqlite_version(*)[0m
  [1m[35m (0.5ms)[0m  CREATE UNIQUE INDEX "unique_schema_migrations" ON "schema_migrations" ("version")
  [1m[36m (0.1ms)[0m  [1mSELECT version FROM "schema_migrations"[0m
  [1m[35m (0.5ms)[0m  INSERT INTO "schema_migrations" (version) VALUES ('20121210234158')
  [1m[36m (0.6ms)[0m  [1mINSERT INTO "schema_migrations" (version) VALUES ('20121121163535')[0m
  [1m[35m (0.5ms)[0m  INSERT INTO "schema_migrations" (version) VALUES ('20121121180707')


Started GET "/movies" for 127.0.0.1 at 2015-08-28 09:37:42 -0700
  [1m[36mActiveRecord::SchemaMigration Load (0.1ms)[0m  [1mSELECT "schema_migrations".* FROM "schema_migrations"[0m
Processing by MoviesController#index as HTML
  [1m[35mMovie Load (0.6ms)[0m  SELECT "movies".* FROM "movies"  WHERE (released_on <= '2015-08-28 16:37:42.234889')  ORDER BY released_on desc
  Rendered movies/index.html.erb within layouts/application (33.4ms)
  Rendered layouts/_header.html.erb (0.6ms)
  Rendered layouts/_sidebar.html.erb (0.4ms)
  Rendered layouts/_footer.html.erb (0.2ms)
Completed 200 OK in 1067ms (Views: 1052.2ms | ActiveRecord: 0.9ms)


Started GET "/assets/normalize.css?body=1" for 127.0.0.1 at 2015-08-28 09:37:43 -0700


Started GET "/assets/application.css?body=1" for 127.0.0.1 at 2015-08-28 09:37:43 -0700


Started GET "/assets/elements.css?body=1" for 127.0.0.1 at 2015-08-28 09:37:43 -0700


Started GET "/assets/layout.css?body=1" for 127.0.0.1 at 2015-08-28 09:37:43 -0700


Started GET "/assets/forms.css?body=1" for 127.0.0.1 at 2015-08-28 09:37:43 -0700


Started GET "/assets/buttons.css?body=1" for 127.0.0.1 at 2015-08-28 09:37:43 -0700


Started GET "/assets/movies.css?body=1" for 127.0.0.1 at 2015-08-28 09:37:43 -0700


Started GET "/assets/jquery.js?body=1" for 127.0.0.1 at 2015-08-28 09:37:43 -0700


Started GET "/assets/jquery_ujs.js?body=1" for 127.0.0.1 at 2015-08-28 09:37:43 -0700


Started GET "/assets/turbolinks.js?body=1" for 127.0.0.1 at 2015-08-28 09:37:43 -0700


Started GET "/assets/movies.js?body=1" for 127.0.0.1 at 2015-08-28 09:37:43 -0700


Started GET "/assets/application.js?body=1" for 127.0.0.1 at 2015-08-28 09:37:43 -0700


Started GET "/assets/ironman.jpg" for 127.0.0.1 at 2015-08-28 09:37:43 -0700


Started GET "/assets/batman.jpg" for 127.0.0.1 at 2015-08-28 09:37:43 -0700


Started GET "/assets/spiderman.jpg" for 127.0.0.1 at 2015-08-28 09:37:43 -0700


Started GET "/assets/superman.jpg" for 127.0.0.1 at 2015-08-28 09:37:43 -0700


Started GET "/assets/catwoman.jpg" for 127.0.0.1 at 2015-08-28 09:37:43 -0700


Started GET "/assets/background.jpg" for 127.0.0.1 at 2015-08-28 09:37:43 -0700


Started GET "/assets/add.png" for 127.0.0.1 at 2015-08-28 09:37:43 -0700


Started GET "/assets/arrow.png" for 127.0.0.1 at 2015-08-28 09:37:43 -0700


Started GET "/assets/logo.png" for 127.0.0.1 at 2015-08-28 09:37:43 -0700


Started GET "/movies" for 127.0.0.1 at 2015-08-28 09:37:51 -0700
Processing by MoviesController#index as HTML
  [1m[36mMovie Load (0.2ms)[0m  [1mSELECT "movies".* FROM "movies"  WHERE (released_on <= '2015-08-28 16:37:51.285488')  ORDER BY released_on desc[0m
  Rendered movies/index.html.erb within layouts/application (3.5ms)
  Rendered layouts/_header.html.erb (0.6ms)
  Rendered layouts/_sidebar.html.erb (0.6ms)
  Rendered layouts/_footer.html.erb (0.5ms)
Completed 200 OK in 49ms (Views: 48.6ms | ActiveRecord: 0.2ms)


Started GET "/movies/new" for 127.0.0.1 at 2015-08-28 09:37:53 -0700
Processing by MoviesController#new as HTML
  Rendered movies/_form.html.erb (14.7ms)
  Rendered movies/new.html.erb within layouts/application (16.3ms)
  Rendered layouts/_header.html.erb (0.1ms)
  Rendered layouts/_sidebar.html.erb (0.1ms)
  Rendered layouts/_footer.html.erb (0.0ms)
Completed 200 OK in 66ms (Views: 65.7ms | ActiveRecord: 0.0ms)


Started GET "/movies" for 127.0.0.1 at 2015-08-28 09:37:55 -0700
Processing by MoviesController#index as HTML
  [1m[35mMovie Load (0.2ms)[0m  SELECT "movies".* FROM "movies"  WHERE (released_on <= '2015-08-28 16:37:55.412950')  ORDER BY released_on desc
  Rendered movies/index.html.erb within layouts/application (2.8ms)
  Rendered layouts/_header.html.erb (0.1ms)
  Rendered layouts/_sidebar.html.erb (0.1ms)
  Rendered layouts/_footer.html.erb (0.0ms)
Completed 200 OK in 39ms (Views: 38.2ms | ActiveRecord: 0.2ms)


Started GET "/movies/1" for 127.0.0.1 at 2015-08-28 09:38:00 -0700
Processing by MoviesController#show as HTML
  Parameters: {"id"=>"1"}
  [1m[36mMovie Load (0.2ms)[0m  [1mSELECT  "movies".* FROM "movies"  WHERE "movies"."id" = ? LIMIT 1[0m  [["id", 1]]
  Rendered movies/show.html.erb within layouts/application (1.3ms)
  Rendered layouts/_header.html.erb (0.1ms)
  Rendered layouts/_sidebar.html.erb (0.1ms)
  Rendered layouts/_footer.html.erb (0.0ms)
Completed 200 OK in 38ms (Views: 36.4ms | ActiveRecord: 0.2ms)


Started GET "/movies/1/edit" for 127.0.0.1 at 2015-08-28 09:38:04 -0700
Processing by MoviesController#edit as HTML
  Parameters: {"id"=>"1"}
  [1m[35mMovie Load (0.1ms)[0m  SELECT  "movies".* FROM "movies"  WHERE "movies"."id" = ? LIMIT 1  [["id", 1]]
  Rendered movies/_form.html.erb (7.6ms)
  Rendered movies/edit.html.erb within layouts/application (9.4ms)
  Rendered layouts/_header.html.erb (0.1ms)
  Rendered layouts/_sidebar.html.erb (0.1ms)
  Rendered layouts/_footer.html.erb (0.1ms)
Completed 200 OK in 46ms (Views: 44.6ms | ActiveRecord: 0.1ms)


Started GET "/movies" for 127.0.0.1 at 2015-08-28 09:38:05 -0700
Processing by MoviesController#index as HTML
  [1m[36mMovie Load (0.2ms)[0m  [1mSELECT "movies".* FROM "movies"  WHERE (released_on <= '2015-08-28 16:38:05.475000')  ORDER BY released_on desc[0m
  Rendered movies/index.html.erb within layouts/application (2.5ms)
  Rendered layouts/_header.html.erb (0.1ms)
  Rendered layouts/_sidebar.html.erb (0.1ms)
  Rendered layouts/_footer.html.erb (0.1ms)
Completed 200 OK in 40ms (Views: 38.7ms | ActiveRecord: 0.2ms)
